TN:
SF:script/Counter.s.sol
FN:7,CounterScript.setUp
FNDA:0,CounterScript.setUp
FN:9,CounterScript.run
FNDA:0,CounterScript.run
DA:10,0
FNF:2
FNH:0
LF:1
LH:0
BRF:0
BRH:0
end_of_record
TN:
SF:src/escrowswap_v1.0.sol
FN:67,EscrowswapV1.createTradeOffer
FNDA:8715,EscrowswapV1.createTradeOffer
DA:74,8714
BRDA:74,0,0,1
BRDA:74,0,1,8713
DA:75,8713
BRDA:75,1,0,1
BRDA:75,1,1,8712
DA:76,8712
BRDA:76,2,0,1
BRDA:76,2,1,8711
DA:78,8711
DA:79,8711
DA:87,8711
DA:89,8711
DA:91,8711
DA:94,8711
FN:102,EscrowswapV1.adjustTradeOffer
FNDA:260,EscrowswapV1.adjustTradeOffer
DA:106,259
BRDA:106,3,0,1
BRDA:106,3,1,258
DA:108,258
DA:109,258
BRDA:109,4,0,2
BRDA:109,4,1,256
DA:110,256
BRDA:110,5,0,-
BRDA:110,5,1,256
DA:112,256
DA:113,256
DA:115,256
FN:118,EscrowswapV1.cancelTradeOffer
FNDA:5,EscrowswapV1.cancelTradeOffer
DA:120,5
DA:121,5
DA:122,5
DA:124,5
BRDA:124,6,0,-
BRDA:124,6,1,5
DA:125,5
BRDA:125,7,0,1
BRDA:125,7,1,4
DA:127,4
DA:128,4
DA:131,4
FN:136,EscrowswapV1.acceptTradeOffer
FNDA:4354,EscrowswapV1.acceptTradeOffer
DA:142,4353
DA:144,4353
BRDA:144,8,0,-
BRDA:144,8,1,4353
DA:145,4353
BRDA:145,9,0,-
BRDA:145,9,1,4353
DA:146,4353
BRDA:146,10,0,1
BRDA:146,10,1,4352
DA:148,4352
DA:149,4352
DA:152,4352
DA:160,4352
DA:162,4352
DA:170,4352
FN:175,EscrowswapV1.switchEmergencyWithdrawal
FNDA:769,EscrowswapV1.switchEmergencyWithdrawal
DA:176,513
FN:179,EscrowswapV1.setTradingPairFee
FNDA:3,EscrowswapV1.setTradingPairFee
DA:180,3
FN:183,EscrowswapV1.deleteTradingPairFee
FNDA:1,EscrowswapV1.deleteTradingPairFee
DA:184,1
FN:187,EscrowswapV1.setBaseFee
FNDA:258,EscrowswapV1.setBaseFee
DA:188,257
FN:191,EscrowswapV1.setFeePayoutAddress
FNDA:4096,EscrowswapV1.setFeePayoutAddress
DA:192,4096
FN:197,EscrowswapV1.getTradingPairFee
FNDA:4357,EscrowswapV1.getTradingPairFee
DA:198,8709
DA:199,8709
BRDA:199,11,0,8706
BRDA:199,11,1,3
DA:200,3
FN:203,EscrowswapV1.getTradeOffer
FNDA:23554,EscrowswapV1.getTradeOffer
DA:204,23554
FN:209,EscrowswapV1._handleFeePayout
FNDA:4352,EscrowswapV1._handleFeePayout
DA:214,4352
DA:215,4352
BRDA:215,12,0,821
BRDA:215,12,1,4352
DA:216,821
DA:219,4352
DA:221,4352
FN:230,EscrowswapV1._handleIncomingTransfer
FNDA:8711,EscrowswapV1._handleIncomingTransfer
DA:231,8711
BRDA:231,13,0,-
BRDA:231,13,1,512
DA:232,512
BRDA:232,14,0,-
BRDA:232,14,1,512
DA:237,8199
DA:238,8199
DA:239,8199
DA:240,8199
DA:241,8199
BRDA:241,15,0,-
BRDA:241,15,1,8199
FN:245,EscrowswapV1._handleRelayTransfer
FNDA:8704,EscrowswapV1._handleRelayTransfer
DA:246,8704
BRDA:246,16,0,-
BRDA:246,16,1,512
DA:247,512
BRDA:247,17,0,-
BRDA:247,17,1,512
DA:248,512
DA:250,8192
FN:254,EscrowswapV1._handleOutgoingTransfer
FNDA:4356,EscrowswapV1._handleOutgoingTransfer
DA:256,4356
BRDA:256,18,0,-
BRDA:256,18,1,256
DA:257,256
BRDA:257,19,0,-
BRDA:257,19,1,256
DA:258,256
DA:260,4100
FN:264,EscrowswapV1._handleEthTransfer
FNDA:768,EscrowswapV1._handleEthTransfer
DA:265,768
DA:266,768
DA:268,768
BRDA:268,20,0,-
BRDA:268,20,1,-
DA:269,0
DA:270,0
FN:274,EscrowswapV1._deleteTradeOffer
FNDA:4356,EscrowswapV1._deleteTradeOffer
DA:275,4356
FN:278,EscrowswapV1._getTradingPairHash
FNDA:4352,EscrowswapV1._getTradingPairHash
DA:279,4352
FNF:18
FNH:18
LF:70
LH:68
BRF:42
BRH:29
end_of_record
TN:
SF:test/resources/MockTokenERC20.sol
FN:20,MockTokenERC20.totalSupply
FNDA:0,MockTokenERC20.totalSupply
DA:21,0
FN:24,MockTokenERC20.balanceOf
FNDA:17173,MockTokenERC20.balanceOf
DA:25,17173
FN:28,MockTokenERC20.transfer
FNDA:4100,MockTokenERC20.transfer
DA:29,4100
DA:30,4100
FN:33,MockTokenERC20.allowance
FNDA:0,MockTokenERC20.allowance
DA:34,0
FN:37,MockTokenERC20.approve
FNDA:4620,MockTokenERC20.approve
DA:38,4620
DA:39,4620
FN:42,MockTokenERC20.transferFrom
FNDA:4871,MockTokenERC20.transferFrom
DA:43,4871
DA:44,4871
DA:45,4871
FN:48,MockTokenERC20._transfer
FNDA:8971,MockTokenERC20._transfer
DA:49,8971
BRDA:49,0,0,-
BRDA:49,0,1,8971
DA:50,8971
BRDA:50,1,0,-
BRDA:50,1,1,8971
DA:51,8971
BRDA:51,2,0,-
BRDA:51,2,1,8971
DA:53,8971
DA:54,8971
DA:56,8971
FN:59,MockTokenERC20._approve
FNDA:9491,MockTokenERC20._approve
DA:60,9491
BRDA:60,3,0,-
BRDA:60,3,1,9491
DA:61,9491
BRDA:61,4,0,-
BRDA:61,4,1,9491
DA:63,9491
DA:65,9491
FN:69,MockTokenERC20.mint
FNDA:4354,MockTokenERC20.mint
DA:70,4354
FN:73,MockTokenERC20._mint
FNDA:4354,MockTokenERC20._mint
DA:74,4354
BRDA:74,5,0,-
BRDA:74,5,1,4354
DA:76,4354
DA:77,4354
DA:79,4354
FNF:10
FNH:8
LF:25
LH:23
BRF:12
BRH:6
end_of_record
