TN:
SF:src/escrowswap_v1.0.sol
FN:78,EscrowswapV1.createTradeOffer
FNDA:8719,EscrowswapV1.createTradeOffer
DA:85,8718
BRDA:85,0,0,2
BRDA:85,0,1,8716
DA:86,8716
BRDA:86,1,0,1
BRDA:86,1,1,8715
DA:88,8715
DA:89,8715
DA:97,8715
DA:99,8715
DA:101,8715
DA:104,8715
FN:112,EscrowswapV1.adjustTradeOffer
FNDA:261,EscrowswapV1.adjustTradeOffer
DA:116,260
BRDA:116,2,0,1
BRDA:116,2,1,259
DA:117,259
DA:118,259
BRDA:118,3,0,2
BRDA:118,3,1,257
DA:119,257
BRDA:119,4,0,-
BRDA:119,4,1,257
DA:121,257
DA:122,257
DA:124,257
FN:127,EscrowswapV1.cancelTradeOffer
FNDA:6,EscrowswapV1.cancelTradeOffer
DA:129,6
DA:130,6
DA:131,6
DA:133,6
BRDA:133,5,0,-
BRDA:133,5,1,6
DA:134,6
BRDA:134,6,0,1
BRDA:134,6,1,5
DA:136,5
DA:137,5
DA:140,5
FN:145,EscrowswapV1.acceptTradeOffer
FNDA:4355,EscrowswapV1.acceptTradeOffer
DA:151,4354
DA:153,4354
BRDA:153,7,0,-
BRDA:153,7,1,4354
DA:154,4354
BRDA:154,8,0,-
BRDA:154,8,1,4354
DA:155,4354
BRDA:155,9,0,1
BRDA:155,9,1,4353
DA:157,4353
DA:158,4353
DA:161,4353
DA:170,4353
FN:175,EscrowswapV1.switchEmergencyWithdrawal
FNDA:259,EscrowswapV1.switchEmergencyWithdrawal
DA:176,3
FN:179,EscrowswapV1.setTradingPairFee
FNDA:3,EscrowswapV1.setTradingPairFee
DA:180,3
FN:183,EscrowswapV1.deleteTradingPairFee
FNDA:1,EscrowswapV1.deleteTradingPairFee
DA:184,1
FN:187,EscrowswapV1.setBaseFee
FNDA:258,EscrowswapV1.setBaseFee
DA:188,257
FN:191,EscrowswapV1.setFeePayoutAddress
FNDA:4096,EscrowswapV1.setFeePayoutAddress
DA:192,4096
FN:197,EscrowswapV1.getTradingPairFee
FNDA:4357,EscrowswapV1.getTradingPairFee
DA:198,8710
DA:199,8710
BRDA:199,10,0,8707
BRDA:199,10,1,3
DA:200,3
FN:203,EscrowswapV1.getTradeOffer
FNDA:23554,EscrowswapV1.getTradeOffer
DA:204,23554
FN:209,EscrowswapV1._handleTakerTransfers
FNDA:4353,EscrowswapV1._handleTakerTransfers
DA:213,4353
DA:214,4353
BRDA:214,11,0,719
BRDA:214,11,1,4353
DA:215,719
DA:218,4353
BRDA:218,12,0,-
BRDA:218,12,1,256
DA:219,256
BRDA:219,13,0,-
BRDA:219,13,1,256
DA:222,256
DA:224,256
DA:226,4097
BRDA:226,14,0,-
BRDA:226,14,1,4097
DA:229,4097
DA:231,4097
FN:235,EscrowswapV1._handleIncomingTransfer
FNDA:8715,EscrowswapV1._handleIncomingTransfer
DA:236,8715
BRDA:236,15,0,-
BRDA:236,15,1,512
DA:237,512
BRDA:237,16,0,-
BRDA:237,16,1,512
DA:239,8203
BRDA:239,17,0,-
BRDA:239,17,1,8203
DA:244,8203
DA:245,8203
DA:246,8203
DA:247,8203
DA:248,8203
BRDA:248,18,0,-
BRDA:248,18,1,8203
FN:252,EscrowswapV1._handleOutgoingTransfer
FNDA:4358,EscrowswapV1._handleOutgoingTransfer
DA:254,4358
BRDA:254,19,0,256
BRDA:254,19,1,4102
DA:255,256
DA:257,4102
FN:261,EscrowswapV1._handleEthTransfer
FNDA:768,EscrowswapV1._handleEthTransfer
DA:266,768
DA:269,768
BRDA:269,20,0,-
BRDA:269,20,1,-
DA:270,0
DA:271,0
FN:275,EscrowswapV1._deleteTradeOffer
FNDA:4358,EscrowswapV1._deleteTradeOffer
DA:276,4358
FN:279,EscrowswapV1._getTradingPairHash
FNDA:4353,EscrowswapV1._getTradingPairHash
DA:280,4353
FNF:17
FNH:17
LF:67
LH:65
BRF:42
BRH:29
end_of_record
TN:
SF:test/resources/MockTokenERC20.sol
FN:20,MockTokenERC20.totalSupply
FNDA:0,MockTokenERC20.totalSupply
DA:21,0
FN:24,MockTokenERC20.balanceOf
FNDA:17181,MockTokenERC20.balanceOf
DA:25,17181
FN:28,MockTokenERC20.transfer
FNDA:4102,MockTokenERC20.transfer
DA:29,4102
DA:30,4102
FN:33,MockTokenERC20.allowance
FNDA:0,MockTokenERC20.allowance
DA:34,0
FN:37,MockTokenERC20.approve
FNDA:4625,MockTokenERC20.approve
DA:38,4625
DA:39,4625
FN:42,MockTokenERC20.transferFrom
FNDA:4877,MockTokenERC20.transferFrom
DA:43,4877
DA:44,4877
DA:45,4877
FN:48,MockTokenERC20._transfer
FNDA:8979,MockTokenERC20._transfer
DA:49,8979
BRDA:49,0,0,-
BRDA:49,0,1,8979
DA:50,8979
BRDA:50,1,0,-
BRDA:50,1,1,8979
DA:51,8979
BRDA:51,2,0,-
BRDA:51,2,1,8979
DA:53,8979
DA:54,8979
DA:56,8979
FN:59,MockTokenERC20._approve
FNDA:9502,MockTokenERC20._approve
DA:60,9502
BRDA:60,3,0,-
BRDA:60,3,1,9502
DA:61,9502
BRDA:61,4,0,-
BRDA:61,4,1,9502
DA:63,9502
DA:65,9502
FN:69,MockTokenERC20.mint
FNDA:4354,MockTokenERC20.mint
DA:70,4354
FN:73,MockTokenERC20._mint
FNDA:4354,MockTokenERC20._mint
DA:74,4354
BRDA:74,5,0,-
BRDA:74,5,1,4354
DA:76,4354
DA:77,4354
DA:79,4354
FNF:10
FNH:8
LF:25
LH:23
BRF:12
BRH:6
end_of_record
